2017-04-10 00:10:27,648 - log.py:22 - logging_args - INFO - arguments debug = False
2017-04-10 00:10:27,648 - log.py:22 - logging_args - INFO - arguments log_level = info
2017-04-10 00:10:27,648 - log.py:22 - logging_args - INFO - arguments log_file = a.log
2017-04-10 00:10:27,648 - log.py:22 - logging_args - INFO - arguments proc = 1
2017-04-10 00:10:27,649 - log.py:22 - logging_args - INFO - arguments port = 443
2017-04-10 01:00:09,013 - log.py:22 - logging_args - INFO - arguments debug = False
2017-04-10 01:00:09,014 - log.py:22 - logging_args - INFO - arguments log_level = info
2017-04-10 01:00:09,014 - log.py:22 - logging_args - INFO - arguments log_file = a.log
2017-04-10 01:00:09,014 - log.py:22 - logging_args - INFO - arguments proc = 1
2017-04-10 01:00:09,014 - log.py:22 - logging_args - INFO - arguments port = 443
2017-04-10 01:00:40,644 - log.py:22 - logging_args - INFO - arguments debug = False
2017-04-10 01:00:40,644 - log.py:22 - logging_args - INFO - arguments log_level = info
2017-04-10 01:00:40,644 - log.py:22 - logging_args - INFO - arguments log_file = a.log
2017-04-10 01:00:40,644 - log.py:22 - logging_args - INFO - arguments proc = 1
2017-04-10 01:00:40,644 - log.py:22 - logging_args - INFO - arguments port = 443
2017-04-10 01:01:29,771 - log.py:22 - logging_args - INFO - arguments debug = False
2017-04-10 01:01:29,771 - log.py:22 - logging_args - INFO - arguments log_level = info
2017-04-10 01:01:29,771 - log.py:22 - logging_args - INFO - arguments log_file = a.log
2017-04-10 01:01:29,771 - log.py:22 - logging_args - INFO - arguments proc = 1
2017-04-10 01:01:29,771 - log.py:22 - logging_args - INFO - arguments port = 443
2017-04-10 01:01:55,720 - log.py:22 - logging_args - INFO - arguments debug = False
2017-04-10 01:01:55,720 - log.py:22 - logging_args - INFO - arguments log_level = info
2017-04-10 01:01:55,720 - log.py:22 - logging_args - INFO - arguments log_file = a.log
2017-04-10 01:01:55,721 - log.py:22 - logging_args - INFO - arguments proc = 1
2017-04-10 01:01:55,721 - log.py:22 - logging_args - INFO - arguments port = 443
2017-04-10 01:02:28,566 - log.py:22 - logging_args - INFO - arguments debug = False
2017-04-10 01:02:28,566 - log.py:22 - logging_args - INFO - arguments log_level = info
2017-04-10 01:02:28,566 - log.py:22 - logging_args - INFO - arguments log_file = a.log
2017-04-10 01:02:28,566 - log.py:22 - logging_args - INFO - arguments proc = 1
2017-04-10 01:02:28,567 - log.py:22 - logging_args - INFO - arguments port = 443
2017-04-10 01:03:16,885 - log.py:22 - logging_args - INFO - arguments debug = False
2017-04-10 01:03:16,885 - log.py:22 - logging_args - INFO - arguments log_level = info
2017-04-10 01:03:16,886 - log.py:22 - logging_args - INFO - arguments log_file = a.log
2017-04-10 01:03:16,886 - log.py:22 - logging_args - INFO - arguments proc = 1
2017-04-10 01:03:16,886 - log.py:22 - logging_args - INFO - arguments port = 443
2017-04-10 01:04:04,598 - log.py:22 - logging_args - INFO - arguments debug = False
2017-04-10 01:04:04,598 - log.py:22 - logging_args - INFO - arguments log_level = info
2017-04-10 01:04:04,599 - log.py:22 - logging_args - INFO - arguments log_file = a.log
2017-04-10 01:04:04,599 - log.py:22 - logging_args - INFO - arguments proc = 1
2017-04-10 01:04:04,599 - log.py:22 - logging_args - INFO - arguments port = 443
2017-04-10 01:06:06,463 - log.py:22 - logging_args - INFO - arguments debug = False
2017-04-10 01:06:06,463 - log.py:22 - logging_args - INFO - arguments log_level = info
2017-04-10 01:06:06,463 - log.py:22 - logging_args - INFO - arguments log_file = a.log
2017-04-10 01:06:06,463 - log.py:22 - logging_args - INFO - arguments proc = 1
2017-04-10 01:06:06,463 - log.py:22 - logging_args - INFO - arguments port = 443
2017-04-10 01:08:35,351 - log.py:22 - logging_args - INFO - arguments debug = False
2017-04-10 01:08:35,351 - log.py:22 - logging_args - INFO - arguments log_level = info
2017-04-10 01:08:35,352 - log.py:22 - logging_args - INFO - arguments log_file = a.log
2017-04-10 01:08:35,352 - log.py:22 - logging_args - INFO - arguments proc = 1
2017-04-10 01:08:35,352 - log.py:22 - logging_args - INFO - arguments port = 443
2017-04-10 01:10:34,476 - log.py:22 - logging_args - INFO - arguments debug = False
2017-04-10 01:10:34,476 - log.py:22 - logging_args - INFO - arguments log_level = info
2017-04-10 01:10:34,476 - log.py:22 - logging_args - INFO - arguments log_file = a.log
2017-04-10 01:10:34,476 - log.py:22 - logging_args - INFO - arguments proc = 1
2017-04-10 01:10:34,476 - log.py:22 - logging_args - INFO - arguments port = 443
2017-04-10 01:11:26,167 - log.py:22 - logging_args - INFO - arguments debug = False
2017-04-10 01:11:26,167 - log.py:22 - logging_args - INFO - arguments log_level = info
2017-04-10 01:11:26,167 - log.py:22 - logging_args - INFO - arguments log_file = a.log
2017-04-10 01:11:26,168 - log.py:22 - logging_args - INFO - arguments proc = 1
2017-04-10 01:11:26,168 - log.py:22 - logging_args - INFO - arguments port = 443
2017-04-10 01:18:26,032 - log.py:22 - logging_args - INFO - arguments debug = False
2017-04-10 01:18:26,032 - log.py:22 - logging_args - INFO - arguments log_level = info
2017-04-10 01:18:26,032 - log.py:22 - logging_args - INFO - arguments log_file = a.log
2017-04-10 01:18:26,032 - log.py:22 - logging_args - INFO - arguments proc = 1
2017-04-10 01:18:26,032 - log.py:22 - logging_args - INFO - arguments port = 443
2017-04-10 01:19:47,297 - log.py:22 - logging_args - INFO - arguments debug = False
2017-04-10 01:19:47,297 - log.py:22 - logging_args - INFO - arguments log_level = info
2017-04-10 01:19:47,297 - log.py:22 - logging_args - INFO - arguments log_file = a.log
2017-04-10 01:19:47,297 - log.py:22 - logging_args - INFO - arguments proc = 1
2017-04-10 01:19:47,297 - log.py:22 - logging_args - INFO - arguments port = 443
2017-04-10 01:21:15,696 - log.py:22 - logging_args - INFO - arguments debug = False
2017-04-10 01:21:15,697 - log.py:22 - logging_args - INFO - arguments log_level = info
2017-04-10 01:21:15,697 - log.py:22 - logging_args - INFO - arguments log_file = a.log
2017-04-10 01:21:15,697 - log.py:22 - logging_args - INFO - arguments proc = 1
2017-04-10 01:21:15,697 - log.py:22 - logging_args - INFO - arguments port = 443
2017-04-10 01:27:56,971 - log.py:22 - logging_args - INFO - arguments debug = False
2017-04-10 01:27:56,972 - log.py:22 - logging_args - INFO - arguments log_level = info
2017-04-10 01:27:56,972 - log.py:22 - logging_args - INFO - arguments log_file = a.log
2017-04-10 01:27:56,972 - log.py:22 - logging_args - INFO - arguments proc = 1
2017-04-10 01:27:56,972 - log.py:22 - logging_args - INFO - arguments port = 443
2017-04-10 01:33:40,065 - log.py:22 - logging_args - INFO - arguments debug = False
2017-04-10 01:33:40,065 - log.py:22 - logging_args - INFO - arguments log_level = info
2017-04-10 01:33:40,066 - log.py:22 - logging_args - INFO - arguments log_file = a.log
2017-04-10 01:33:40,066 - log.py:22 - logging_args - INFO - arguments proc = 1
2017-04-10 01:33:40,066 - log.py:22 - logging_args - INFO - arguments port = 443
2017-04-10 01:40:23,064 - log.py:22 - logging_args - INFO - arguments debug = False
2017-04-10 01:40:23,065 - log.py:22 - logging_args - INFO - arguments log_level = info
2017-04-10 01:40:23,065 - log.py:22 - logging_args - INFO - arguments log_file = a.log
2017-04-10 01:40:23,065 - log.py:22 - logging_args - INFO - arguments proc = 1
2017-04-10 01:40:23,065 - log.py:22 - logging_args - INFO - arguments port = 443
