2017-04-09 21:50:32,417 - log.py:22 - logging_args - INFO - arguments debug = False
2017-04-09 21:50:32,417 - log.py:22 - logging_args - INFO - arguments log_level = info
2017-04-09 21:50:32,418 - log.py:22 - logging_args - INFO - arguments log_file = aa.log
2017-04-09 21:50:32,418 - log.py:22 - logging_args - INFO - arguments proc = 1
2017-04-09 21:50:32,418 - log.py:22 - logging_args - INFO - arguments port = 443
2017-04-09 21:53:21,531 - log.py:22 - logging_args - INFO - arguments debug = False
2017-04-09 21:53:21,531 - log.py:22 - logging_args - INFO - arguments log_level = info
2017-04-09 21:53:21,531 - log.py:22 - logging_args - INFO - arguments log_file = aa.log
2017-04-09 21:53:21,531 - log.py:22 - logging_args - INFO - arguments proc = 1
2017-04-09 21:53:21,531 - log.py:22 - logging_args - INFO - arguments port = 443
2017-04-09 21:54:05,594 - log.py:22 - logging_args - INFO - arguments debug = False
2017-04-09 21:54:05,594 - log.py:22 - logging_args - INFO - arguments log_level = info
2017-04-09 21:54:05,594 - log.py:22 - logging_args - INFO - arguments log_file = aa.log
2017-04-09 21:54:05,594 - log.py:22 - logging_args - INFO - arguments proc = 1
2017-04-09 21:54:05,594 - log.py:22 - logging_args - INFO - arguments port = 443
2017-04-09 21:54:24,646 - log.py:22 - logging_args - INFO - arguments debug = False
2017-04-09 21:54:24,646 - log.py:22 - logging_args - INFO - arguments log_level = info
2017-04-09 21:54:24,646 - log.py:22 - logging_args - INFO - arguments log_file = aa.log
2017-04-09 21:54:24,646 - log.py:22 - logging_args - INFO - arguments proc = 1
2017-04-09 21:54:24,647 - log.py:22 - logging_args - INFO - arguments port = 443
2017-04-09 21:54:28,735 - log.py:22 - logging_args - INFO - arguments debug = False
2017-04-09 21:54:28,735 - log.py:22 - logging_args - INFO - arguments log_level = info
2017-04-09 21:54:28,735 - log.py:22 - logging_args - INFO - arguments log_file = aa.log
2017-04-09 21:54:28,735 - log.py:22 - logging_args - INFO - arguments proc = 1
2017-04-09 21:54:28,735 - log.py:22 - logging_args - INFO - arguments port = 443
2017-04-09 21:54:46,467 - log.py:22 - logging_args - INFO - arguments debug = False
2017-04-09 21:54:46,467 - log.py:22 - logging_args - INFO - arguments log_level = info
2017-04-09 21:54:46,467 - log.py:22 - logging_args - INFO - arguments log_file = aa.log
2017-04-09 21:54:46,468 - log.py:22 - logging_args - INFO - arguments proc = 1
2017-04-09 21:54:46,468 - log.py:22 - logging_args - INFO - arguments port = 443
2017-04-09 21:55:30,993 - log.py:22 - logging_args - INFO - arguments debug = False
2017-04-09 21:55:30,993 - log.py:22 - logging_args - INFO - arguments log_level = info
2017-04-09 21:55:30,993 - log.py:22 - logging_args - INFO - arguments log_file = aa.log
2017-04-09 21:55:30,993 - log.py:22 - logging_args - INFO - arguments proc = 1
2017-04-09 21:55:30,993 - log.py:22 - logging_args - INFO - arguments port = 443
2017-04-09 21:56:46,893 - log.py:22 - logging_args - INFO - arguments debug = False
2017-04-09 21:56:46,894 - log.py:22 - logging_args - INFO - arguments log_level = info
2017-04-09 21:56:46,894 - log.py:22 - logging_args - INFO - arguments log_file = aa.log
2017-04-09 21:56:46,894 - log.py:22 - logging_args - INFO - arguments proc = 1
2017-04-09 21:56:46,894 - log.py:22 - logging_args - INFO - arguments port = 443
